

Microchip Technology PIC LITE Macro Assembler V1.21 build 54009 
                                                                                               Sat Aug  2 01:29:57 2014

Microchip Technology Omniscient Code Generator (Lite mode) build 54009
     1                           	processor	16F88
     2                           	opt	pw 120
     3                           	opt	lm
     4                           	psect	text0,local,class=CODE,merge=1,delta=2
     5                           	psect	cinit,global,class=CODE,merge=1,delta=2
     6                           	psect	bssCOMMON,global,class=COMMON,space=1,delta=1
     7                           	psect	bssBANK0,global,class=BANK0,space=1,delta=1
     8                           	psect	cstackCOMMON,global,class=COMMON,space=1,delta=1
     9                           	psect	cstackBANK0,global,class=BANK0,space=1,delta=1
    10                           	psect	maintext,global,class=CODE,split=1,delta=2
    11                           	psect	text1,local,class=CODE,merge=1,delta=2
    12                           	psect	text2,local,class=CODE,merge=1,delta=2
    13                           	psect	text3,local,class=CODE,merge=1,delta=2
    14                           	psect	text4,local,class=CODE,merge=1,delta=2
    15                           	psect	intentry,global,class=CODE,delta=2
    16                           	psect	text5,local,class=CODE,merge=1,delta=2
    17                           	dabs	1,0x7E,2
    18  0000                     	;# 
    19  0001                     	;# 
    20  0002                     	;# 
    21  0003                     	;# 
    22  0004                     	;# 
    23  0005                     	;# 
    24  0006                     	;# 
    25  000A                     	;# 
    26  000B                     	;# 
    27  000C                     	;# 
    28  000D                     	;# 
    29  000E                     	;# 
    30  000E                     	;# 
    31  000F                     	;# 
    32  0010                     	;# 
    33  0011                     	;# 
    34  0012                     	;# 
    35  0013                     	;# 
    36  0014                     	;# 
    37  0015                     	;# 
    38  0015                     	;# 
    39  0016                     	;# 
    40  0017                     	;# 
    41  0018                     	;# 
    42  0019                     	;# 
    43  001A                     	;# 
    44  001E                     	;# 
    45  001F                     	;# 
    46  0081                     	;# 
    47  0085                     	;# 
    48  0086                     	;# 
    49  008C                     	;# 
    50  008D                     	;# 
    51  008E                     	;# 
    52  008F                     	;# 
    53  0090                     	;# 
    54  0092                     	;# 
    55  0093                     	;# 
    56  0094                     	;# 
    57  0098                     	;# 
    58  0099                     	;# 
    59  009B                     	;# 
    60  009C                     	;# 
    61  009D                     	;# 
    62  009E                     	;# 
    63  009F                     	;# 
    64  0105                     	;# 
    65  010C                     	;# 
    66  010D                     	;# 
    67  010E                     	;# 
    68  010F                     	;# 
    69  018C                     	;# 
    70  018D                     	;# 
    71  0000                     	;# 
    72  0001                     	;# 
    73  0002                     	;# 
    74  0003                     	;# 
    75  0004                     	;# 
    76  0005                     	;# 
    77  0006                     	;# 
    78  000A                     	;# 
    79  000B                     	;# 
    80  000C                     	;# 
    81  000D                     	;# 
    82  000E                     	;# 
    83  000E                     	;# 
    84  000F                     	;# 
    85  0010                     	;# 
    86  0011                     	;# 
    87  0012                     	;# 
    88  0013                     	;# 
    89  0014                     	;# 
    90  0015                     	;# 
    91  0015                     	;# 
    92  0016                     	;# 
    93  0017                     	;# 
    94  0018                     	;# 
    95  0019                     	;# 
    96  001A                     	;# 
    97  001E                     	;# 
    98  001F                     	;# 
    99  0081                     	;# 
   100  0085                     	;# 
   101  0086                     	;# 
   102  008C                     	;# 
   103  008D                     	;# 
   104  008E                     	;# 
   105  008F                     	;# 
   106  0090                     	;# 
   107  0092                     	;# 
   108  0093                     	;# 
   109  0094                     	;# 
   110  0098                     	;# 
   111  0099                     	;# 
   112  009B                     	;# 
   113  009C                     	;# 
   114  009D                     	;# 
   115  009E                     	;# 
   116  009F                     	;# 
   117  0105                     	;# 
   118  010C                     	;# 
   119  010D                     	;# 
   120  010E                     	;# 
   121  010F                     	;# 
   122  018C                     	;# 
   123  018D                     	;# 
   124  000B                     _INTCONbits	set	11
   125  000C                     _PIR1bits	set	12
   126  0005                     _PORTAbits	set	5
   127  0010                     _T1CON	set	16
   128  000F                     _TMR1H	set	15
   129  000E                     _TMR1L	set	14
   130  009B                     _ANSEL	set	155
   131  008C                     _PIE1bits	set	140
   132  0085                     _TRISA	set	133
   133  0086                     _TRISB	set	134
   134                           
   135                           	psect	text0
   136  0000                     __ptext0:	
   137                           
   138                           ;psect for function _tick_update
   139                           ; #config settings
   140  0000                     
   141                           	psect	cinit
   142  0013                     start_initialization:	
   143  0013                     __initialization:	
   144                           
   145                           ; Clear objects allocated to COMMON
   146  0013  01F5               	clrf	__pbssCOMMON& (0+127)
   147  0014  01F6               	clrf	(__pbssCOMMON+1)& (0+127)
   148  0015  01F7               	clrf	(__pbssCOMMON+2)& (0+127)
   149  0016  01F8               	clrf	(__pbssCOMMON+3)& (0+127)
   150                           
   151                           ; Clear objects allocated to BANK0
   152  0017  01AC               	clrf	__pbssBANK0& (0+127)
   153  0018  01AD               	clrf	(__pbssBANK0+1)& (0+127)
   154  0019  01AE               	clrf	(__pbssBANK0+2)& (0+127)
   155  001A  01AF               	clrf	(__pbssBANK0+3)& (0+127)
   156  001B  01B0               	clrf	(__pbssBANK0+4)& (0+127)
   157  001C  01B1               	clrf	(__pbssBANK0+5)& (0+127)
   158  001D                     end_of_initialization:	
   159                           ;End of C runtime variable initialization code
   160                           
   161  001D                     __end_of__initialization:	
   162  001D  0183               	clrf	3
   163  001E  118A  2820         	ljmp	_main	;jump to C main() function
   164                           
   165                           	psect	bssCOMMON
   166  0075                     __pbssCOMMON:	
   167  0075                     _tickcnt:	
   168  0075                     	ds	4
   169                           
   170                           	psect	bssBANK0
   171  002C                     __pbssBANK0:	
   172  002C                     _tickbuffer:	
   173  002C                     	ds	6
   174                           
   175                           	psect	cstackCOMMON
   176  0070                     __pcstackCOMMON:	
   177  0070                     ?_tick_init:	
   178  0070                     ?_tick_update:	
   179                           ; 0 bytes @ 0x0
   180                           
   181  0070                     ??_tick_update:	
   182                           ; 0 bytes @ 0x0
   183                           
   184  0070                     ?_tick_read_internal:	
   185                           ; 0 bytes @ 0x0
   186                           
   187  0070                     ?_main:	
   188                           ; 0 bytes @ 0x0
   189                           
   190  0070                     ?_isr:	
   191                           ; 0 bytes @ 0x0
   192                           
   193  0070                     ??_isr:	
   194                           ; 0 bytes @ 0x0
   195                           
   196                           
   197                           ; 0 bytes @ 0x0
   198  0070                     	ds	4
   199  0074                     ??_tick_init:	
   200  0074                     ??_tick_read_internal:	
   201                           ; 0 bytes @ 0x4
   202                           
   203                           
   204                           ; 0 bytes @ 0x4
   205  0074                     	ds	1
   206  0075                     ??_tick_get:	
   207                           
   208                           	psect	cstackBANK0
   209  0020                     __pcstackBANK0:	
   210                           ; 0 bytes @ 0x5
   211                           
   212  0020                     ?_tick_get:	
   213                           
   214                           ; 4 bytes @ 0x0
   215  0020                     	ds	4
   216  0024                     ??_main:	
   217                           
   218                           ; 0 bytes @ 0x4
   219  0024                     	ds	4
   220  0028                     main@last_time:	
   221                           
   222                           ; 4 bytes @ 0x8
   223  0028                     	ds	4
   224                           
   225                           	psect	maintext
   226  0020                     __pmaintext:	
   227 ;;
   228 ;;Main: autosize = 0, tempsize = 4, incstack = 0, save=0
   229 ;;
   230 ;; *************** function _main *****************
   231 ;; Defined at:
   232 ;;		line 37 in file "main.c"
   233 ;; Parameters:    Size  Location     Type
   234 ;;		None
   235 ;; Auto vars:     Size  Location     Type
   236 ;;  last_time       4    8[BANK0 ] unsigned long 
   237 ;; Return value:  Size  Location     Type
   238 ;;		None               void
   239 ;; Registers used:
   240 ;;		wreg, fsr0l, fsr0h, status,2, status,0, pclath, cstack
   241 ;; Tracked objects:
   242 ;;		On entry : 17F/0
   243 ;;		On exit  : 0/0
   244 ;;		Unchanged: 0/0
   245 ;; Data sizes:     COMMON   BANK0   BANK1   BANK3   BANK2
   246 ;;      Params:         0       0       0       0       0
   247 ;;      Locals:         0       4       0       0       0
   248 ;;      Temps:          0       4       0       0       0
   249 ;;      Totals:         0       8       0       0       0
   250 ;;Total ram usage:        8 bytes
   251 ;; Hardware stack levels required when called:    4
   252 ;; This function calls:
   253 ;;		_tick_init
   254 ;;		_tick_get
   255 ;; This function is called by:
   256 ;;		Startup code after reset
   257 ;; This function uses a non-reentrant model
   258 ;;
   259                           
   260                           
   261                           ;psect for function _main
   262  0020                     _main:	
   263                           
   264                           ;main.c: 38: ANSEL = 0x00;
   265                           
   266                           ;incstack = 0
   267                           ; Regs used in _main: [wreg-fsr0h+status,2+status,0+pclath+cstack]
   268  0020  1683               	bsf	3,5	;RP0=1, select bank1
   269  0021  1303               	bcf	3,6	;RP1=0, select bank1
   270  0022  019B               	clrf	27	;volatile
   271                           
   272                           ;main.c: 39: TRISA = 0xFE;
   273  0023  30FE               	movlw	254
   274  0024  0085               	movwf	5	;volatile
   275                           
   276                           ;main.c: 40: TRISB = 0xFF;
   277  0025  30FF               	movlw	255
   278  0026  0086               	movwf	6	;volatile
   279                           
   280                           ;main.c: 44: DWORD last_time = 0;
   281  0027  3000               	movlw	0
   282  0028  1283               	bcf	3,5	;RP0=0, select bank0
   283  0029  1303               	bcf	3,6	;RP1=0, select bank0
   284  002A  00AB               	movwf	main@last_time+3
   285  002B  3000               	movlw	0
   286  002C  00AA               	movwf	main@last_time+2
   287  002D  3000               	movlw	0
   288  002E  00A9               	movwf	main@last_time+1
   289  002F  3000               	movlw	0
   290  0030  00A8               	movwf	main@last_time
   291                           
   292                           ;main.c: 47: tick_init( );
   293  0031  118A  20CA  118A   	fcall	_tick_init
   294  0034                     l607:	
   295                           ;main.c: 50: for(;; ) {
   296                           
   297                           
   298                           ;main.c: 52: if( tick_get( ) - last_time >= ((unsigned long long)((1000000 + 128ull)/8ul
      +                          l)) / 2 ) {
   299  0034  1283               	bcf	3,5	;RP0=0, select bank0
   300  0035  1303               	bcf	3,6	;RP1=0, select bank0
   301  0036  0928               	comf	main@last_time,w
   302  0037  00A4               	movwf	??_main
   303  0038  0929               	comf	main@last_time+1,w
   304  0039  00A5               	movwf	??_main+1
   305  003A  092A               	comf	main@last_time+2,w
   306  003B  00A6               	movwf	??_main+2
   307  003C  092B               	comf	main@last_time+3,w
   308  003D  00A7               	movwf	??_main+3
   309  003E  0AA4               	incf	??_main,f
   310  003F  1903               	skipnz
   311  0040  0AA5               	incf	??_main+1,f
   312  0041  1903               	skipnz
   313  0042  0AA6               	incf	??_main+2,f
   314  0043  1903               	skipnz
   315  0044  0AA7               	incf	??_main+3,f
   316  0045  118A  20B7  118A   	fcall	_tick_get
   317  0048  1283               	bcf	3,5	;RP0=0, select bank0
   318  0049  1303               	bcf	3,6	;RP1=0, select bank0
   319  004A  0820               	movf	?_tick_get,w
   320  004B  07A4               	addwf	??_main,f
   321  004C  0821               	movf	?_tick_get+1,w
   322  004D  1803               	skipnc
   323  004E  0F21               	incfsz	?_tick_get+1,w
   324  004F  2851               	goto	u80
   325  0050  2852               	goto	u81
   326  0051                     u80:	
   327  0051  07A5               	addwf	??_main+1,f
   328  0052                     u81:	
   329  0052  0822               	movf	?_tick_get+2,w
   330  0053  1803               	skipnc
   331  0054  0F22               	incfsz	?_tick_get+2,w
   332  0055  2857               	goto	u82
   333  0056  2858               	goto	u83
   334  0057                     u82:	
   335  0057  07A6               	addwf	??_main+2,f
   336  0058                     u83:	
   337  0058  0823               	movf	?_tick_get+3,w
   338  0059  1803               	skipnc
   339  005A  0A23               	incf	?_tick_get+3,w
   340  005B  07A7               	addwf	??_main+3,f
   341  005C  3000               	movlw	0
   342  005D  0227               	subwf	??_main+3,w
   343  005E  1D03               	skipz
   344  005F  286A               	goto	u95
   345  0060  3000               	movlw	0
   346  0061  0226               	subwf	??_main+2,w
   347  0062  1D03               	skipz
   348  0063  286A               	goto	u95
   349  0064  30F4               	movlw	244
   350  0065  0225               	subwf	??_main+1,w
   351  0066  1D03               	skipz
   352  0067  286A               	goto	u95
   353  0068  302C               	movlw	44
   354  0069  0224               	subwf	??_main,w
   355  006A                     u95:	
   356  006A  1C03               	skipc
   357  006B  2834               	goto	l607
   358                           
   359                           ;main.c: 54: last_time = tick_get( );
   360  006C  118A  20B7  118A   	fcall	_tick_get
   361  006F  1283               	bcf	3,5	;RP0=0, select bank0
   362  0070  1303               	bcf	3,6	;RP1=0, select bank0
   363  0071  0823               	movf	?_tick_get+3,w
   364  0072  00AB               	movwf	main@last_time+3
   365  0073  0822               	movf	?_tick_get+2,w
   366  0074  00AA               	movwf	main@last_time+2
   367  0075  0821               	movf	?_tick_get+1,w
   368  0076  00A9               	movwf	main@last_time+1
   369  0077  0820               	movf	?_tick_get,w
   370  0078  00A8               	movwf	main@last_time
   371                           
   372                           ;main.c: 56: PORTAbits.RA0 ^= 1;
   373  0079  0805               	movf	5,w	;volatile
   374  007A  3901               	andlw	1
   375  007B  00A4               	movwf	??_main
   376  007C  3001               	movlw	1
   377  007D  06A4               	xorwf	??_main,f
   378  007E  0805               	movf	5,w	;volatile
   379  007F  0624               	xorwf	??_main,w
   380  0080  39FE               	andlw	-2
   381  0081  0624               	xorwf	??_main,w
   382  0082  0085               	movwf	5	;volatile
   383                           
   384                           ;main.c: 57: }
   385                           ;main.c: 60: }
   386  0083  2834               	goto	l607
   387  0084                     __end_of_main:	
   388                           
   389                           	psect	text1
   390  00B7                     __ptext1:	
   391 ;; *************** function _tick_get *****************
   392 ;; Defined at:
   393 ;;		line 25 in file "../Tick-PIC16.c"
   394 ;; Parameters:    Size  Location     Type
   395 ;;		None
   396 ;; Auto vars:     Size  Location     Type
   397 ;;		None
   398 ;; Return value:  Size  Location     Type
   399 ;;                  4    0[BANK0 ] unsigned long 
   400 ;; Registers used:
   401 ;;		wreg, fsr0l, fsr0h, status,2, status,0, pclath, cstack
   402 ;; Tracked objects:
   403 ;;		On entry : 0/0
   404 ;;		On exit  : 0/0
   405 ;;		Unchanged: 0/0
   406 ;; Data sizes:     COMMON   BANK0   BANK1   BANK3   BANK2
   407 ;;      Params:         0       4       0       0       0
   408 ;;      Locals:         0       0       0       0       0
   409 ;;      Temps:          0       0       0       0       0
   410 ;;      Totals:         0       4       0       0       0
   411 ;;Total ram usage:        4 bytes
   412 ;; Hardware stack levels used:    1
   413 ;; Hardware stack levels required when called:    3
   414 ;; This function calls:
   415 ;;		_tick_read_internal
   416 ;; This function is called by:
   417 ;;		_main
   418 ;; This function uses a non-reentrant model
   419 ;;
   420                           
   421                           
   422                           ;psect for function _tick_get
   423  00B7                     _tick_get:	
   424                           
   425                           ;Tick-PIC16.c: 26: tick_read_internal();
   426                           
   427                           ;incstack = 0
   428                           ; Regs used in _tick_get: [wreg-fsr0h+status,2+status,0+pclath+cstack]
   429  00B7  118A  2084         	fcall	_tick_read_internal
   430                           
   431                           ;Tick-PIC16.c: 27: return *((DWORD *)&tickbuffer[0]);
   432  00B9  302C               	movlw	low _tickbuffer
   433  00BA  0084               	movwf	4
   434  00BB  1383               	bcf	3,7	;select IRP bank0
   435  00BC  0800               	movf	0,w
   436  00BD  1283               	bcf	3,5	;RP0=0, select bank0
   437  00BE  1303               	bcf	3,6	;RP1=0, select bank0
   438  00BF  00A0               	movwf	?_tick_get
   439  00C0  0A84               	incf	4,f
   440  00C1  0800               	movf	0,w
   441  00C2  00A1               	movwf	?_tick_get+1
   442  00C3  0A84               	incf	4,f
   443  00C4  0800               	movf	0,w
   444  00C5  00A2               	movwf	?_tick_get+2
   445  00C6  0A84               	incf	4,f
   446  00C7  0800               	movf	0,w
   447  00C8  00A3               	movwf	?_tick_get+3
   448  00C9  0008               	return
   449  00CA                     __end_of_tick_get:	
   450                           
   451                           	psect	text2
   452  0084                     __ptext2:	
   453 ;; *************** function _tick_read_internal *****************
   454 ;; Defined at:
   455 ;;		line 40 in file "../Tick-PIC16.c"
   456 ;; Parameters:    Size  Location     Type
   457 ;;		None
   458 ;; Auto vars:     Size  Location     Type
   459 ;;		None
   460 ;; Return value:  Size  Location     Type
   461 ;;		None               void
   462 ;; Registers used:
   463 ;;		wreg
   464 ;; Tracked objects:
   465 ;;		On entry : 0/0
   466 ;;		On exit  : 0/0
   467 ;;		Unchanged: 0/0
   468 ;; Data sizes:     COMMON   BANK0   BANK1   BANK3   BANK2
   469 ;;      Params:         0       0       0       0       0
   470 ;;      Locals:         0       0       0       0       0
   471 ;;      Temps:          1       0       0       0       0
   472 ;;      Totals:         1       0       0       0       0
   473 ;;Total ram usage:        1 bytes
   474 ;; Hardware stack levels used:    1
   475 ;; Hardware stack levels required when called:    2
   476 ;; This function calls:
   477 ;;		Nothing
   478 ;; This function is called by:
   479 ;;		_tick_get
   480 ;; This function uses a non-reentrant model
   481 ;;
   482                           
   483                           
   484                           ;psect for function _tick_read_internal
   485  0084                     _tick_read_internal:	
   486  0084                     l54:	
   487                           ;incstack = 0
   488                           ; Regs used in _tick_read_internal: [wreg]
   489                           ;Tick-PIC16.c: 41: do
   490                           
   491                           
   492                           ;Tick-PIC16.c: 42: {
   493                           ;Tick-PIC16.c: 43: PIE1bits.TMR1IE = 1;
   494  0084  1683               	bsf	3,5	;RP0=1, select bank1
   495  0085  1303               	bcf	3,6	;RP1=0, select bank1
   496  0086  140C               	bsf	12,0	;volatile
   497  0087  0000               	nop	;# 
   498                           
   499                           ;Tick-PIC16.c: 45: PIE1bits.TMR1IE = 0;
   500  0088  1683               	bsf	3,5	;RP0=1, select bank1
   501  0089  1303               	bcf	3,6	;RP1=0, select bank1
   502  008A  100C               	bcf	12,0	;volatile
   503                           
   504                           ;Tick-PIC16.c: 47: tickbuffer[0] = TMR1L;
   505  008B  1283               	bcf	3,5	;RP0=0, select bank0
   506  008C  1303               	bcf	3,6	;RP1=0, select bank0
   507  008D  080E               	movf	14,w	;volatile
   508  008E  00F4               	movwf	??_tick_read_internal
   509  008F  0874               	movf	??_tick_read_internal,w
   510  0090  00AC               	movwf	_tickbuffer
   511                           
   512                           ;Tick-PIC16.c: 48: tickbuffer[1] = TMR1H;
   513  0091  080F               	movf	15,w	;volatile
   514  0092  00F4               	movwf	??_tick_read_internal
   515  0093  0874               	movf	??_tick_read_internal,w
   516  0094  00AD               	movwf	_tickbuffer+1
   517                           
   518                           ;Tick-PIC16.c: 50: *((DWORD*) &tickbuffer[2] ) = tickcnt;
   519  0095  0878               	movf	_tickcnt+3,w	;volatile
   520  0096  00B1               	movwf	_tickbuffer+5
   521  0097  0877               	movf	_tickcnt+2,w	;volatile
   522  0098  00B0               	movwf	_tickbuffer+4
   523  0099  0876               	movf	_tickcnt+1,w	;volatile
   524  009A  00AF               	movwf	_tickbuffer+3
   525  009B  0875               	movf	_tickcnt,w	;volatile
   526  009C  00AE               	movwf	_tickbuffer+2
   527                           
   528                           ;Tick-PIC16.c: 51: } while( PIR1bits.TMR1IF );
   529  009D  180C               	btfsc	12,0	;volatile
   530  009E  2884               	goto	l54
   531                           
   532                           ;Tick-PIC16.c: 52: PIE1bits.TMR1IE = 1;
   533  009F  1683               	bsf	3,5	;RP0=1, select bank1
   534  00A0  1303               	bcf	3,6	;RP1=0, select bank1
   535  00A1  140C               	bsf	12,0	;volatile
   536  00A2  0008               	return
   537  00A3                     __end_of_tick_read_internal:	
   538                           
   539                           	psect	text3
   540  00CA                     __ptext3:	
   541 ;; *************** function _tick_init *****************
   542 ;; Defined at:
   543 ;;		line 11 in file "../Tick-PIC16.c"
   544 ;; Parameters:    Size  Location     Type
   545 ;;		None
   546 ;; Auto vars:     Size  Location     Type
   547 ;;		None
   548 ;; Return value:  Size  Location     Type
   549 ;;		None               void
   550 ;; Registers used:
   551 ;;		wreg, status,2
   552 ;; Tracked objects:
   553 ;;		On entry : 0/0
   554 ;;		On exit  : 0/0
   555 ;;		Unchanged: 0/0
   556 ;; Data sizes:     COMMON   BANK0   BANK1   BANK3   BANK2
   557 ;;      Params:         0       0       0       0       0
   558 ;;      Locals:         0       0       0       0       0
   559 ;;      Temps:          0       0       0       0       0
   560 ;;      Totals:         0       0       0       0       0
   561 ;;Total ram usage:        0 bytes
   562 ;; Hardware stack levels used:    1
   563 ;; Hardware stack levels required when called:    2
   564 ;; This function calls:
   565 ;;		Nothing
   566 ;; This function is called by:
   567 ;;		_main
   568 ;; This function uses a non-reentrant model
   569 ;;
   570                           
   571                           
   572                           ;psect for function _tick_init
   573  00CA                     _tick_init:	
   574                           
   575                           ;Tick-PIC16.c: 12: T1CON = 0;
   576                           
   577                           ;incstack = 0
   578                           ; Regs used in _tick_init: [wreg+status,2]
   579  00CA  1283               	bcf	3,5	;RP0=0, select bank0
   580  00CB  1303               	bcf	3,6	;RP1=0, select bank0
   581  00CC  0190               	clrf	16	;volatile
   582                           
   583                           ;Tick-PIC16.c: 13: TMR1L = 0;
   584  00CD  018E               	clrf	14	;volatile
   585                           
   586                           ;Tick-PIC16.c: 14: TMR1H = 0;
   587  00CE  018F               	clrf	15	;volatile
   588                           
   589                           ;Tick-PIC16.c: 16: PIR1bits.TMR1IF = 0;
   590  00CF  100C               	bcf	12,0	;volatile
   591                           
   592                           ;Tick-PIC16.c: 17: PIE1bits.TMR1IE = 1;
   593  00D0  1683               	bsf	3,5	;RP0=1, select bank1
   594  00D1  1303               	bcf	3,6	;RP1=0, select bank1
   595  00D2  140C               	bsf	12,0	;volatile
   596                           
   597                           ;Tick-PIC16.c: 18: INTCONbits.GIE = 1;
   598  00D3  178B               	bsf	11,7	;volatile
   599                           
   600                           ;Tick-PIC16.c: 19: INTCONbits.PEIE = 1;
   601  00D4  170B               	bsf	11,6	;volatile
   602                           
   603                           ;Tick-PIC16.c: 21: T1CON = 0x31;
   604  00D5  3031               	movlw	49
   605  00D6  1283               	bcf	3,5	;RP0=0, select bank0
   606  00D7  1303               	bcf	3,6	;RP1=0, select bank0
   607  00D8  0090               	movwf	16	;volatile
   608  00D9  0008               	return
   609  00DA                     __end_of_tick_init:	
   610                           
   611                           	psect	text4
   612  00DA                     __ptext4:	
   613 ;; *************** function _isr *****************
   614 ;; Defined at:
   615 ;;		line 68 in file "main.c"
   616 ;; Parameters:    Size  Location     Type
   617 ;;		None
   618 ;; Auto vars:     Size  Location     Type
   619 ;;		None
   620 ;; Return value:  Size  Location     Type
   621 ;;		None               void
   622 ;; Registers used:
   623 ;;		wreg, status,2, status,0, pclath, cstack
   624 ;; Tracked objects:
   625 ;;		On entry : 0/0
   626 ;;		On exit  : 0/0
   627 ;;		Unchanged: 0/0
   628 ;; Data sizes:     COMMON   BANK0   BANK1   BANK3   BANK2
   629 ;;      Params:         0       0       0       0       0
   630 ;;      Locals:         0       0       0       0       0
   631 ;;      Temps:          4       0       0       0       0
   632 ;;      Totals:         4       0       0       0       0
   633 ;;Total ram usage:        4 bytes
   634 ;; Hardware stack levels used:    1
   635 ;; Hardware stack levels required when called:    1
   636 ;; This function calls:
   637 ;;		_tick_update
   638 ;; This function is called by:
   639 ;;		Interrupt level 1
   640 ;; This function uses a non-reentrant model
   641 ;;
   642                           
   643                           
   644                           ;psect for function _isr
   645  00DA                     _isr:	
   646                           
   647                           ;main.c: 70: tick_update( );
   648  00DA  118A  20A3  118A   	fcall	_tick_update
   649  00DD  0873               	movf	??_isr+3,w
   650  00DE  1283               	bcf	3,5	;RP0=0, select bank0
   651  00DF  1303               	bcf	3,6	;RP1=0, select bank0
   652  00E0  00FF               	movwf	127
   653  00E1  0872               	movf	??_isr+2,w
   654  00E2  008A               	movwf	10
   655  00E3  0871               	movf	??_isr+1,w
   656  00E4  0084               	movwf	4
   657  00E5  0E70               	swapf	??_isr^(0+-128),w
   658  00E6  0083               	movwf	3
   659  00E7  0EFE               	swapf	126,f
   660  00E8  0E7E               	swapf	126,w
   661  00E9  0009               	retfie
   662  00EA                     __end_of_isr:	
   663                           
   664                           	psect	intentry
   665  0004                     __pintentry:	
   666                           ;incstack = 0
   667                           ; Regs used in _isr: [wreg+status,2+status,0+pclath+cstack]
   668                           
   669  0004                     interrupt_function:	
   670  007E                     saved_w	set	btemp
   671  0004  00FE               	movwf	btemp
   672  0005  0E03               	swapf	3,w
   673  0006  00F0               	movwf	??_isr
   674  0007  0804               	movf	4,w
   675  0008  00F1               	movwf	??_isr+1
   676  0009  080A               	movf	10,w
   677  000A  00F2               	movwf	??_isr+2
   678  000B  1283               	bcf	3,5	;RP0=0, select bank0
   679  000C  1303               	bcf	3,6	;RP1=0, select bank0
   680  000D  087F               	movf	btemp+1,w
   681  000E  00F3               	movwf	??_isr+3
   682  000F  118A  28DA         	ljmp	_isr
   683                           
   684                           	psect	text5
   685  00A3                     __ptext5:	
   686 ;; *************** function _tick_update *****************
   687 ;; Defined at:
   688 ;;		line 31 in file "../Tick-PIC16.c"
   689 ;; Parameters:    Size  Location     Type
   690 ;;		None
   691 ;; Auto vars:     Size  Location     Type
   692 ;;		None
   693 ;; Return value:  Size  Location     Type
   694 ;;		None               void
   695 ;; Registers used:
   696 ;;		wreg
   697 ;; Tracked objects:
   698 ;;		On entry : 0/0
   699 ;;		On exit  : 0/0
   700 ;;		Unchanged: 0/0
   701 ;; Data sizes:     COMMON   BANK0   BANK1   BANK3   BANK2
   702 ;;      Params:         0       0       0       0       0
   703 ;;      Locals:         0       0       0       0       0
   704 ;;      Temps:          0       0       0       0       0
   705 ;;      Totals:         0       0       0       0       0
   706 ;;Total ram usage:        0 bytes
   707 ;; Hardware stack levels used:    1
   708 ;; This function calls:
   709 ;;		Nothing
   710 ;; This function is called by:
   711 ;;		_isr
   712 ;; This function uses a non-reentrant model
   713 ;;
   714                           
   715                           
   716                           ;psect for function _tick_update
   717  00A3                     _tick_update:	
   718                           
   719                           ;Tick-PIC16.c: 32: if( PIR1bits.TMR1IF )
   720                           
   721                           ;incstack = 0
   722                           ; Regs used in _tick_update: [wreg]
   723  00A3  1283               	bcf	3,5	;RP0=0, select bank0
   724  00A4  1303               	bcf	3,6	;RP1=0, select bank0
   725  00A5  1C0C               	btfss	12,0	;volatile
   726  00A6  0008               	return
   727                           
   728                           ;Tick-PIC16.c: 33: {
   729                           ;Tick-PIC16.c: 34: tickcnt ++;
   730  00A7  3001               	movlw	1
   731  00A8  07F5               	addwf	_tickcnt,f	;volatile
   732  00A9  3000               	movlw	0
   733  00AA  1803               	skipnc
   734  00AB  3001               	movlw	1
   735  00AC  07F6               	addwf	_tickcnt+1,f	;volatile
   736  00AD  3000               	movlw	0
   737  00AE  1803               	skipnc
   738  00AF  3001               	movlw	1
   739  00B0  07F7               	addwf	_tickcnt+2,f	;volatile
   740  00B1  3000               	movlw	0
   741  00B2  1803               	skipnc
   742  00B3  3001               	movlw	1
   743  00B4  07F8               	addwf	_tickcnt+3,f	;volatile
   744                           
   745                           ;Tick-PIC16.c: 35: PIR1bits.TMR1IF = 0;
   746  00B5  100C               	bcf	12,0	;volatile
   747  00B6  0008               	return
   748  00B7                     __end_of_tick_update:	
   749  007E                     btemp	set	126	;btemp
   750  007E                     wtemp0	set	126


Data Sizes:
    Strings     0
    Constant    0
    Data        0
    BSS         10
    Persistent  0
    Stack       0

Auto Spaces:
    Space          Size  Autos    Used
    COMMON           14      5       9
    BANK0            80     12      18
    BANK1            80      0       0
    BANK3            96      0       0
    BANK2            96      0       0

Pointer List with Targets:

    ?_tick_get	unsigned long  size(1) Largest target is 0


Critical Paths under _main in COMMON

    _tick_get->_tick_read_internal

Critical Paths under _isr in COMMON

    None.

Critical Paths under _main in BANK0

    _main->_tick_get

Critical Paths under _isr in BANK0

    None.

Critical Paths under _main in BANK1

    None.

Critical Paths under _isr in BANK1

    None.

Critical Paths under _main in BANK3

    None.

Critical Paths under _isr in BANK3

    None.

Critical Paths under _main in BANK2

    None.

Critical Paths under _isr in BANK2

    None.

Call Graph Tables:

 ---------------------------------------------------------------------------------
 (Depth) Function   	        Calls       Base Space   Used Autos Params    Refs
 ---------------------------------------------------------------------------------
 (0) _main                                                 8     8      0      37
                                              4 BANK0      8     8      0
                          _tick_init
                           _tick_get
 ---------------------------------------------------------------------------------
 (1) _tick_get                                             4     0      4       0
                                              0 BANK0      4     0      4
                 _tick_read_internal
 ---------------------------------------------------------------------------------
 (2) _tick_read_internal                                   1     1      0       0
                                              4 COMMON     1     1      0
 ---------------------------------------------------------------------------------
 (1) _tick_init                                            0     0      0       0
 ---------------------------------------------------------------------------------
 Estimated maximum stack depth 2
 ---------------------------------------------------------------------------------
 (Depth) Function   	        Calls       Base Space   Used Autos Params    Refs
 ---------------------------------------------------------------------------------
 (3) _isr                                                  4     4      0       0
                                              0 COMMON     4     4      0
                        _tick_update
 ---------------------------------------------------------------------------------
 (4) _tick_update                                          0     0      0       0
 ---------------------------------------------------------------------------------
 Estimated maximum stack depth 4
 ---------------------------------------------------------------------------------

 Call Graph Graphs:

 _main (ROOT)
   _tick_init
   _tick_get
     _tick_read_internal

 _isr (ROOT)
   _tick_update

 Address spaces:
Name               Size   Autos  Total    Cost      Usage
BITCOMMON            E      0       0       0        0.0%
EEDATA             100      0       0       0        0.0%
NULL                 0      0       0       0        0.0%
CODE                 0      0       0       0        0.0%
COMMON               E      5       9       1       64.3%
BITSFR0              0      0       0       1        0.0%
SFR0                 0      0       0       1        0.0%
BITSFR1              0      0       0       2        0.0%
SFR1                 0      0       0       2        0.0%
STACK                0      0       6       2        0.0%
ABS                  0      0      1B       3        0.0%
BITBANK0            50      0       0       4        0.0%
BITSFR3              0      0       0       4        0.0%
SFR3                 0      0       0       4        0.0%
BANK0               50      C      12       5       22.5%
BITSFR2              0      0       0       5        0.0%
SFR2                 0      0       0       5        0.0%
BITBANK1            50      0       0       6        0.0%
BANK1               50      0       0       7        0.0%
BITBANK3            60      0       0       8        0.0%
BANK3               60      0       0       9        0.0%
BITBANK2            60      0       0      10        0.0%
BANK2               60      0       0      11        0.0%
DATA                 0      0      21      12        0.0%


Microchip Technology PIC Macro Assembler V1.21 build 54009 
Symbol Table                                                                                   Sat Aug  2 01:29:57 2014

                __CFG_CP$OFF 0000                           l54 0084                           u80 0051  
                         u81 0052                           u82 0057                           u83 0058  
                         u95 006A                          l607 0034                 __CFG_CPD$OFF 0000  
                        _isr 00DA                          fsr0 0004                          indf 0000  
               __CFG_FOSC$XT 0000                 __CFG_LVP$OFF 0000                         ?_isr 0070  
               __CFG_WRT$OFF 0000                         _main 0020                         btemp 007E  
                       start 0011                __CFG_IESO$OFF 0000                __CFG_MCLRE$ON 0000  
                      ??_isr 0070                        ?_main 0070                __CFG_WDTE$OFF 0000  
                      _ANSEL 009B                        _T1CON 0010                        _TMR1H 000F  
                      _TMR1L 000E                        _TRISA 0085                        _TRISB 0086  
             __CFG_CCPMX$RB0 0000               __CFG_FCMEN$OFF 0000  __size_of_tick_read_internal 001F  
             __CFG_BOREN$OFF 0000                        pclath 000A                        status 0003  
                      wtemp0 007E              __initialization 0013                 __end_of_main 0084  
                     ??_main 0024                main@last_time 0028               __CFG_PWRTE$OFF 0000  
               ?_tick_update 0070             __end_of_tick_get 00CA                       saved_w 007E  
    __end_of__initialization 001D               __pcstackCOMMON 0070                   __pbssBANK0 002C  
                 __pmaintext 0020                   __pintentry 0004           __size_of_tick_init 0010  
                  ?_tick_get 0020         __size_of_tick_update 0014                      __ptext0 0000  
                    __ptext1 00B7                      __ptext2 0084                      __ptext3 00CA  
                    __ptext4 00DA                      __ptext5 00A3                 __size_of_isr 0010  
                    _tickcnt 0075   __end_of_tick_read_internal 00A3         end_of_initialization 001D  
          __end_of_tick_init 00DA                   ??_tick_get 0075                   _tickbuffer 002C  
                  _PORTAbits 0005          start_initialization 0013                  __end_of_isr 00EA  
                __pbssCOMMON 0075                __pcstackBANK0 0020            __size_of_tick_get 0013  
          interrupt_function 0004                     _PIE1bits 008C           _tick_read_internal 0084  
              ??_tick_update 0070                    _tick_init 00CA                     _PIR1bits 000C  
        ?_tick_read_internal 0070         ??_tick_read_internal 0074                   ?_tick_init 0070  
        __end_of_tick_update 00B7                __size_of_main 0064                     _tick_get 00B7  
                 _INTCONbits 000B                     intlevel1 0000                  ??_tick_init 0074  
                _tick_update 00A3  
